<?xml version="1.0" encoding="UTF-8"?>
<!-- Generated by org.testng.reporters.JUnitXMLReporter -->
<testsuite hostname="rishabhs-MacBook-Air.local" name="Default test" tests="4" failures="0" timestamp="26 Nov 2019 23:14:46 GMT" time="65.321" errors="0">
  <testcase name="firstCase" time="12.829" classname="amazonTest.amazonTest.amazonTest"/>
  <testcase name="secondCase" time="8.865" classname="amazonTest.amazonTest.amazonTest"/>
  <testcase name="thirdCase" time="8.272" classname="amazonTest.amazonTest.amazonTest"/>
  <testcase name="fourthCase" time="31.419" classname="amazonTest.amazonTest.amazonTest"/>
</testsuite> <!-- Default test -->
